# JRE version: Java(TM) SE Runtime Environment (8.0_191-b12) (build 1.8.0_191-b12)
# Java VM: Java HotSpot(TM) 64-Bit Server VM (25.191-b12 mixed mode windows-amd64 compressed oops)
Heap:
 PSYoungGen      total 712704K, used 104463K [0x000000076b500000, 0x00000007a6700000, 0x00000007c0000000)
  eden space 655360K, 15% used [0x000000076b500000,0x0000000771b03d28,0x0000000793500000)
  from space 57344K, 0% used [0x0000000793500000,0x0000000793500000,0x0000000796d00000)
  to   space 84480K, 0% used [0x00000007a1480000,0x00000007a1480000,0x00000007a6700000)
 ParOldGen       total 377344K, used 168457K [0x00000006c1e00000, 0x00000006d8e80000, 0x000000076b500000)
  object space 377344K, 44% used [0x00000006c1e00000,0x00000006cc2825b0,0x00000006d8e80000)
 Metaspace       used 29670K, capacity 29937K, committed 30208K, reserved 1075200K
  class space    used 3706K, capacity 3799K, committed 3840K, reserved 1048576K
GC Heap History (10 events):
Event: 5.702 GC heap before
{Heap before GC invocations=10 (full 2):
 PSYoungGen      total 513536K, used 16893K [0x000000076b500000, 0x000000078c700000, 0x00000007c0000000)
  eden space 487424K, 0% used [0x000000076b500000,0x000000076b500000,0x0000000789100000)
  from space 26112K, 64% used [0x000000078ad80000,0x000000078bdff638,0x000000078c700000)
  to   space 27648K, 0% used [0x0000000789100000,0x0000000789100000,0x000000078ac00000)
 ParOldGen       total 175104K, used 50684K [0x00000006c1e00000, 0x00000006cc900000, 0x000000076b500000)
  object space 175104K, 28% used [0x00000006c1e00000,0x00000006c4f7f218,0x00000006cc900000)
 Metaspace       used 20854K, capacity 21042K, committed 21248K, reserved 1067008K
  class space    used 2642K, capacity 2727K, committed 2816K, reserved 1048576K
Event: 5.795 GC heap after
Heap after GC invocations=10 (full 2):
 PSYoungGen      total 513536K, used 0K [0x000000076b500000, 0x000000078c700000, 0x00000007c0000000)
  eden space 487424K, 0% used [0x000000076b500000,0x000000076b500000,0x0000000789100000)
  from space 26112K, 0% used [0x000000078ad80000,0x000000078ad80000,0x000000078c700000)
  to   space 27648K, 0% used [0x0000000789100000,0x0000000789100000,0x000000078ac00000)
 ParOldGen       total 171520K, used 57539K [0x00000006c1e00000, 0x00000006cc580000, 0x000000076b500000)
  object space 171520K, 33% used [0x00000006c1e00000,0x00000006c5630c68,0x00000006cc580000)
 Metaspace       used 20854K, capacity 21042K, committed 21248K, reserved 1067008K
  class space    used 2642K, capacity 2727K, committed 2816K, reserved 1048576K
}
Event: 8.100 GC heap before
{Heap before GC invocations=11 (full 2):
 PSYoungGen      total 513536K, used 487424K [0x000000076b500000, 0x000000078c700000, 0x00000007c0000000)
  eden space 487424K, 100% used [0x000000076b500000,0x0000000789100000,0x0000000789100000)
  from space 26112K, 0% used [0x000000078ad80000,0x000000078ad80000,0x000000078c700000)
  to   space 27648K, 0% used [0x0000000789100000,0x0000000789100000,0x000000078ac00000)
 ParOldGen       total 171520K, used 57539K [0x00000006c1e00000, 0x00000006cc580000, 0x000000076b500000)
  object space 171520K, 33% used [0x00000006c1e00000,0x00000006c5630c68,0x00000006cc580000)
 Metaspace       used 26061K, capacity 26327K, committed 26624K, reserved 1073152K
  class space    used 3202K, capacity 3306K, committed 3328K, reserved 1048576K
Event: 8.113 GC heap after
Heap after GC invocations=11 (full 2):
 PSYoungGen      total 515072K, used 21837K [0x000000076b500000, 0x000000079a500000, 0x00000007c0000000)
  eden space 487424K, 0% used [0x000000076b500000,0x000000076b500000,0x0000000789100000)
  from space 27648K, 78% used [0x0000000789100000,0x000000078a653408,0x000000078ac00000)
  to   space 28672K, 0% used [0x0000000798900000,0x0000000798900000,0x000000079a500000)
 ParOldGen       total 171520K, used 57547K [0x00000006c1e00000, 0x00000006cc580000, 0x000000076b500000)
  object space 171520K, 33% used [0x00000006c1e00000,0x00000006c5632c68,0x00000006cc580000)
 Metaspace       used 26061K, capacity 26327K, committed 26624K, reserved 1073152K
  class space    used 3202K, capacity 3306K, committed 3328K, reserved 1048576K
}
Event: 11.203 GC heap before
{Heap before GC invocations=12 (full 2):
 PSYoungGen      total 515072K, used 509261K [0x000000076b500000, 0x000000079a500000, 0x00000007c0000000)
  eden space 487424K, 100% used [0x000000076b500000,0x0000000789100000,0x0000000789100000)
  from space 27648K, 78% used [0x0000000789100000,0x000000078a653408,0x000000078ac00000)
  to   space 28672K, 0% used [0x0000000798900000,0x0000000798900000,0x000000079a500000)
 ParOldGen       total 171520K, used 57547K [0x00000006c1e00000, 0x00000006cc580000, 0x000000076b500000)
  object space 171520K, 33% used [0x00000006c1e00000,0x00000006c5632c68,0x00000006cc580000)
 Metaspace       used 26241K, capacity 26519K, committed 26880K, reserved 1073152K
  class space    used 3204K, capacity 3306K, committed 3328K, reserved 1048576K
Event: 11.252 GC heap after
Heap after GC invocations=12 (full 2):
 PSYoungGen      total 651776K, used 28642K [0x000000076b500000, 0x000000079a500000, 0x00000007c0000000)
  eden space 623104K, 0% used [0x000000076b500000,0x000000076b500000,0x0000000791580000)
  from space 28672K, 99% used [0x0000000798900000,0x000000079a4f8858,0x000000079a500000)
  to   space 57344K, 0% used [0x0000000793500000,0x0000000793500000,0x0000000796d00000)
 ParOldGen       total 171520K, used 127311K [0x00000006c1e00000, 0x00000006cc580000, 0x000000076b500000)
  object space 171520K, 74% used [0x00000006c1e00000,0x00000006c9a53fe8,0x00000006cc580000)
 Metaspace       used 26241K, capacity 26519K, committed 26880K, reserved 1073152K
  class space    used 3204K, capacity 3306K, committed 3328K, reserved 1048576K
}
Event: 14.221 GC heap before
{Heap before GC invocations=13 (full 2):
 PSYoungGen      total 651776K, used 651746K [0x000000076b500000, 0x000000079a500000, 0x00000007c0000000)
  eden space 623104K, 100% used [0x000000076b500000,0x0000000791580000,0x0000000791580000)
  from space 28672K, 99% used [0x0000000798900000,0x000000079a4f8858,0x000000079a500000)
  to   space 57344K, 0% used [0x0000000793500000,0x0000000793500000,0x0000000796d00000)
 ParOldGen       total 171520K, used 127311K [0x00000006c1e00000, 0x00000006cc580000, 0x000000076b500000)
  object space 171520K, 74% used [0x00000006c1e00000,0x00000006c9a53fe8,0x00000006cc580000)
 Metaspace       used 29089K, capacity 29407K, committed 29952K, reserved 1075200K
  class space    used 3641K, capacity 3732K, committed 3840K, reserved 1048576K
Event: 14.276 GC heap after
Heap after GC invocations=13 (full 2):
 PSYoungGen      total 712704K, used 57327K [0x000000076b500000, 0x00000007a6700000, 0x00000007c0000000)
  eden space 655360K, 0% used [0x000000076b500000,0x000000076b500000,0x0000000793500000)
  from space 57344K, 99% used [0x0000000793500000,0x0000000796cfbc28,0x0000000796d00000)
  to   space 84480K, 0% used [0x00000007a1480000,0x00000007a1480000,0x00000007a6700000)
 ParOldGen       total 177152K, used 177128K [0x00000006c1e00000, 0x00000006ccb00000, 0x000000076b500000)
  object space 177152K, 99% used [0x00000006c1e00000,0x00000006ccafa048,0x00000006ccb00000)
 Metaspace       used 29089K, capacity 29407K, committed 29952K, reserved 1075200K
  class space    used 3641K, capacity 3732K, committed 3840K, reserved 1048576K
}
Event: 14.276 GC heap before
{Heap before GC invocations=14 (full 3):
 PSYoungGen      total 712704K, used 57327K [0x000000076b500000, 0x00000007a6700000, 0x00000007c0000000)
  eden space 655360K, 0% used [0x000000076b500000,0x000000076b500000,0x0000000793500000)
  from space 57344K, 99% used [0x0000000793500000,0x0000000796cfbc28,0x0000000796d00000)
  to   space 84480K, 0% used [0x00000007a1480000,0x00000007a1480000,0x00000007a6700000)
 ParOldGen       total 177152K, used 177128K [0x00000006c1e00000, 0x00000006ccb00000, 0x000000076b500000)
  object space 177152K, 99% used [0x00000006c1e00000,0x00000006ccafa048,0x00000006ccb00000)
 Metaspace       used 29089K, capacity 29407K, committed 29952K, reserved 1075200K
  class space    used 3641K, capacity 3732K, committed 3840K, reserved 1048576K
Event: 14.580 GC heap after
Heap after GC invocations=14 (full 3):
 PSYoungGen      total 712704K, used 0K [0x000000076b500000, 0x00000007a6700000, 0x00000007c0000000)
  eden space 655360K, 0% used [0x000000076b500000,0x000000076b500000,0x0000000793500000)
  from space 57344K, 0% used [0x0000000793500000,0x0000000793500000,0x0000000796d00000)
  to   space 84480K, 0% used [0x00000007a1480000,0x00000007a1480000,0x00000007a6700000)
 ParOldGen       total 377344K, used 168457K [0x00000006c1e00000, 0x00000006d8e80000, 0x000000076b500000)
  object space 377344K, 44% used [0x00000006c1e00000,0x00000006cc2825b0,0x00000006d8e80000)
 Metaspace       used 29089K, capacity 29407K, committed 29952K, reserved 1075200K
  class space    used 3641K, capacity 3732K, committed 3840K, reserved 1048576K
}

